Performing C SOURCE FILE Test CMAKE_HAVE_LIBC_PTHREAD failed with the following output:
Change Dir: /home/kakkosbp/Pulpit/PAMSI/gra/gra/cmake-build-debug/CMakeFiles/CMakeTmp

Run Build Command(s):/usr/bin/make cmTC_e7c98/fast && /usr/bin/make  -f CMakeFiles/cmTC_e7c98.dir/build.make CMakeFiles/cmTC_e7c98.dir/build
make[1]: Wejście do katalogu '/home/kakkosbp/Pulpit/PAMSI/gra/gra/cmake-build-debug/CMakeFiles/CMakeTmp'
Building C object CMakeFiles/cmTC_e7c98.dir/src.c.o
/usr/bin/cc -DCMAKE_HAVE_LIBC_PTHREAD   -o CMakeFiles/cmTC_e7c98.dir/src.c.o -c /home/kakkosbp/Pulpit/PAMSI/gra/gra/cmake-build-debug/CMakeFiles/CMakeTmp/src.c
Linking C executable cmTC_e7c98
/home/kakkosbp/.local/share/JetBrains/Toolbox/apps/CLion/ch-0/211.7142.21/bin/cmake/linux/bin/cmake -E cmake_link_script CMakeFiles/cmTC_e7c98.dir/link.txt --verbose=1
/usr/bin/cc CMakeFiles/cmTC_e7c98.dir/src.c.o -o cmTC_e7c98 
/usr/bin/ld: CMakeFiles/cmTC_e7c98.dir/src.c.o: in function `main':
src.c:(.text+0x46): undefined reference to `pthread_create'
/usr/bin/ld: src.c:(.text+0x52): undefined reference to `pthread_detach'
/usr/bin/ld: src.c:(.text+0x5e): undefined reference to `pthread_cancel'
/usr/bin/ld: src.c:(.text+0x6f): undefined reference to `pthread_join'
collect2: error: ld returned 1 exit status
make[1]: *** [CMakeFiles/cmTC_e7c98.dir/build.make:106: cmTC_e7c98] Błąd 1
make[1]: Opuszczenie katalogu '/home/kakkosbp/Pulpit/PAMSI/gra/gra/cmake-build-debug/CMakeFiles/CMakeTmp'
make: *** [Makefile:140: cmTC_e7c98/fast] Błąd 2


Source file was:
#include <pthread.h>

static void* test_func(void* data)
{
  return data;
}

int main(void)
{
  pthread_t thread;
  pthread_create(&thread, NULL, test_func, NULL);
  pthread_detach(thread);
  pthread_cancel(thread);
  pthread_join(thread, NULL);
  pthread_atfork(NULL, NULL, NULL);
  pthread_exit(NULL);

  return 0;
}

Determining if the function pthread_create exists in the pthreads failed with the following output:
Change Dir: /home/kakkosbp/Pulpit/PAMSI/gra/gra/cmake-build-debug/CMakeFiles/CMakeTmp

Run Build Command(s):/usr/bin/make cmTC_df7a1/fast && /usr/bin/make  -f CMakeFiles/cmTC_df7a1.dir/build.make CMakeFiles/cmTC_df7a1.dir/build
make[1]: Wejście do katalogu '/home/kakkosbp/Pulpit/PAMSI/gra/gra/cmake-build-debug/CMakeFiles/CMakeTmp'
Building C object CMakeFiles/cmTC_df7a1.dir/CheckFunctionExists.c.o
/usr/bin/cc   -DCHECK_FUNCTION_EXISTS=pthread_create -o CMakeFiles/cmTC_df7a1.dir/CheckFunctionExists.c.o -c /home/kakkosbp/.local/share/JetBrains/Toolbox/apps/CLion/ch-0/211.7142.21/bin/cmake/linux/share/cmake-3.19/Modules/CheckFunctionExists.c
Linking C executable cmTC_df7a1
/home/kakkosbp/.local/share/JetBrains/Toolbox/apps/CLion/ch-0/211.7142.21/bin/cmake/linux/bin/cmake -E cmake_link_script CMakeFiles/cmTC_df7a1.dir/link.txt --verbose=1
/usr/bin/cc  -DCHECK_FUNCTION_EXISTS=pthread_create CMakeFiles/cmTC_df7a1.dir/CheckFunctionExists.c.o -o cmTC_df7a1  -lpthreads 
/usr/bin/ld: cannot find -lpthreads
collect2: error: ld returned 1 exit status
make[1]: *** [CMakeFiles/cmTC_df7a1.dir/build.make:106: cmTC_df7a1] Błąd 1
make[1]: Opuszczenie katalogu '/home/kakkosbp/Pulpit/PAMSI/gra/gra/cmake-build-debug/CMakeFiles/CMakeTmp'
make: *** [Makefile:140: cmTC_df7a1/fast] Błąd 2



